<?xml version="1.0" encoding="UTF-8"?>
<testng-results ignored="0" total="1" passed="1" failed="0" skipped="0">
  <reporter-output>
  </reporter-output>
  <suite started-at="2025-08-29T15:57:45 IST" name="AutomationPractice_Suite" finished-at="2025-08-29T15:58:32 IST" duration-ms="46937">
    <groups>
      <group name="Sanity">
        <method signature="LoginTest3.loginJsonTest(com.ui.pojo.User)[pri:0, instance:com.ui.tests.LoginTest3@54e22bdd]" name="loginJsonTest" class="com.ui.tests.LoginTest3"/>
      </group> <!-- Sanity -->
      <group name="Regression">
        <method signature="LoginTest3.loginJsonTest(com.ui.pojo.User)[pri:0, instance:com.ui.tests.LoginTest3@54e22bdd]" name="loginJsonTest" class="com.ui.tests.LoginTest3"/>
      </group> <!-- Regression -->
    </groups>
    <test started-at="2025-08-29T15:57:45 IST" name="UI Automatin" finished-at="2025-08-29T15:58:32 IST" duration-ms="46937">
      <class name="com.ui.tests.LoginTest3">
        <test-method is-config="true" signature="setUp(java.lang.String,boolean,boolean,org.testng.ITestResult)[pri:0, instance:com.ui.tests.LoginTest3@54e22bdd]" started-at="2025-08-29T15:57:45 IST" name="setUp" description="Load the home page of the website" finished-at="2025-08-29T15:58:26 IST" duration-ms="40906" status="PASS">
          <params>
            <param index="0">
              <value>
                <![CDATA[chrome]]>
              </value>
            </param>
            <param index="1">
              <value>
                <![CDATA[true]]>
              </value>
            </param>
            <param index="2">
              <value>
                <![CDATA[true]]>
              </value>
            </param>
            <param index="3">
              <value>
                <![CDATA[[TestResult name={null} status=CREATED method=LoginTest3.loginJsonTest(com.ui.pojo.User)[pri:0, instance:com.ui.tests.LoginTest3@54e22bdd] output={null}]]]>
              </value>
            </param>
          </params>
          <reporter-output>
          </reporter-output>
        </test-method> <!-- setUp -->
        <test-method signature="loginJsonTest(com.ui.pojo.User)[pri:0, instance:com.ui.tests.LoginTest3@54e22bdd]" started-at="2025-08-29T15:58:26 IST" name="loginJsonTest" description="Verifies if the valid user is able to login" data-provider="LoginTestDataProvider" finished-at="2025-08-29T15:58:31 IST" duration-ms="4958" status="PASS">
          <params>
            <param index="0">
              <value>
                <![CDATA[com.ui.pojo.User@5f753449]]>
              </value>
            </param>
          </params>
          <reporter-output>
          </reporter-output>
        </test-method> <!-- loginJsonTest -->
        <test-method is-config="true" signature="tearDown()[pri:0, instance:com.ui.tests.LoginTest3@54e22bdd]" started-at="2025-08-29T15:58:31 IST" name="tearDown" description="Tear down the browser" finished-at="2025-08-29T15:58:32 IST" duration-ms="719" status="PASS">
          <reporter-output>
          </reporter-output>
        </test-method> <!-- tearDown -->
      </class> <!-- com.ui.tests.LoginTest3 -->
    </test> <!-- UI Automatin -->
  </suite> <!-- AutomationPractice_Suite -->
</testng-results>
